[2019-09-16 18:28:12] debug.INFO: Success - ["initialData"] - PICOExplorer\Models\DataModels\ResultsNumberModel
{"stack":null,"data":{"currentData":{"current.Variable":"Variable: [\"initialData\"]","current.Success":true},"headers":null,"content":null},"info":""}  
[2019-09-16 18:28:12] debug.INFO: Success - ["ProcessedQueries"] - PICOExplorer\Models\DataModels\ResultsNumberModel
{"stack":null,"data":{"currentData":{"current.Variable":"Variable: [\"ProcessedQueries\"]","current.Success":true},"headers":null,"content":null},"info":""}  
[2019-09-16 18:28:12] debug.INFO: Success - ["initialData"] - PICOExplorer\Models\DataModels\IntegrationResultsNumberModel
{"stack":null,"data":{"currentData":{"current.Variable":"Variable: [\"initialData\"]","current.Success":true},"headers":null,"content":null},"info":""}  
[2019-09-16 18:28:19] debug.INFO: Success - ["results"] - PICOExplorer\Models\DataModels\IntegrationResultsNumberModel
{"stack":null,"data":{"currentData":{"current.Variable":"Variable: [\"results\"]","current.Success":true},"headers":null,"content":null},"info":""}  
[2019-09-16 18:28:19] debug.INFO: Success - ["results"] - PICOExplorer\Models\DataModels\ResultsNumberModel
{"stack":null,"data":{"currentData":{"current.Variable":"Variable: [\"results\"]","current.Success":true},"headers":null,"content":null},"info":""}  
[2019-09-16 19:01:41] debug.INFO: Success - ["initialData"] - PICOExplorer\Models\DataModels\ResultsNumberModel
{"stack":null,"data":{"currentData":{"current.Variable":"Variable: [\"initialData\"]","current.Success":true},"headers":null,"content":null},"info":""}  
[2019-09-16 19:01:41] debug.INFO: Success - ["ProcessedQueries"] - PICOExplorer\Models\DataModels\ResultsNumberModel
{"stack":null,"data":{"currentData":{"current.Variable":"Variable: [\"ProcessedQueries\"]","current.Success":true},"headers":null,"content":null},"info":""}  
[2019-09-16 19:01:41] debug.INFO: Success - ["initialData"] - PICOExplorer\Models\DataModels\IntegrationResultsNumberModel
{"stack":null,"data":{"currentData":{"current.Variable":"Variable: [\"initialData\"]","current.Success":true},"headers":null,"content":null},"info":""}  
[2019-09-16 19:01:54] debug.INFO: Success - ["results"] - PICOExplorer\Models\DataModels\IntegrationResultsNumberModel
{"stack":null,"data":{"currentData":{"current.Variable":"Variable: [\"results\"]","current.Success":true},"headers":null,"content":null},"info":""}  
[2019-09-16 19:01:54] debug.INFO: Success - ["results"] - PICOExplorer\Models\DataModels\ResultsNumberModel
{"stack":null,"data":{"currentData":{"current.Variable":"Variable: [\"results\"]","current.Success":true},"headers":null,"content":null},"info":""}  
